==8444== Memcheck, a memory error detector
==8444== Copyright (C) 2002-2017, and GNU GPL'd, by Julian Seward et al.
==8444== Using Valgrind-3.13.0 and LibVEX; rerun with -h for copyright info
==8444== Command: ./philo_bonus 4 310 100 200
==8444== Parent PID: 2968
==8444== 
==8444== Syscall param write(buf) points to uninitialised byte(s)
==8444==    at 0x4E4F371: write (write.c:27)
==8444==    by 0x4E4E358: sem_open (sem_open.c:269)
==8444==    by 0x1094E1: ft_initsem (in /home/zakaria/Desktop/philosophers/philo_bonus/philo_bonus)
==8444==    by 0x109707: ft_main_parsing (in /home/zakaria/Desktop/philosophers/philo_bonus/philo_bonus)
==8444==    by 0x108D3E: main (in /home/zakaria/Desktop/philosophers/philo_bonus/philo_bonus)
==8444==  Address 0x1ffefffe7c is on thread 1's stack
==8444==  in frame #1, created by sem_open (sem_open.c:141)
==8444== 
==8444== Syscall param write(buf) points to uninitialised byte(s)
==8444==    at 0x4E4F371: write (write.c:27)
==8444==    by 0x4E4E358: sem_open (sem_open.c:269)
==8444==    by 0x10957C: ft_initsem (in /home/zakaria/Desktop/philosophers/philo_bonus/philo_bonus)
==8444==    by 0x109707: ft_main_parsing (in /home/zakaria/Desktop/philosophers/philo_bonus/philo_bonus)
==8444==    by 0x108D3E: main (in /home/zakaria/Desktop/philosophers/philo_bonus/philo_bonus)
==8444==  Address 0x1ffefffe7c is on thread 1's stack
==8444==  in frame #1, created by sem_open (sem_open.c:141)
==8444== 
==8444== Conditional jump or move depends on uninitialised value(s)
==8444==    at 0x108E8F: ft_lstadd_back (in /home/zakaria/Desktop/philosophers/philo_bonus/philo_bonus)
==8444==    by 0x1097DE: ft_init_philo (in /home/zakaria/Desktop/philosophers/philo_bonus/philo_bonus)
==8444==    by 0x108D55: main (in /home/zakaria/Desktop/philosophers/philo_bonus/philo_bonus)
==8444== 
==8457== Conditional jump or move depends on uninitialised value(s)
==8457==    at 0x10994E: ft_eat (in /home/zakaria/Desktop/philosophers/philo_bonus/philo_bonus)
==8457==    by 0x1099C6: ft_routine (in /home/zakaria/Desktop/philosophers/philo_bonus/philo_bonus)
==8457==    by 0x10985B: ft_start (in /home/zakaria/Desktop/philosophers/philo_bonus/philo_bonus)
==8457==    by 0x108DE1: main (in /home/zakaria/Desktop/philosophers/philo_bonus/philo_bonus)
==8457== 
==8458== Conditional jump or move depends on uninitialised value(s)
==8458==    at 0x10994E: ft_eat (in /home/zakaria/Desktop/philosophers/philo_bonus/philo_bonus)
==8458==    by 0x1099C6: ft_routine (in /home/zakaria/Desktop/philosophers/philo_bonus/philo_bonus)
==8458==    by 0x10985B: ft_start (in /home/zakaria/Desktop/philosophers/philo_bonus/philo_bonus)
==8458==    by 0x108DE1: main (in /home/zakaria/Desktop/philosophers/philo_bonus/philo_bonus)
==8458== 
==8459== Conditional jump or move depends on uninitialised value(s)
==8459==    at 0x10994E: ft_eat (in /home/zakaria/Desktop/philosophers/philo_bonus/philo_bonus)
==8459==    by 0x1099C6: ft_routine (in /home/zakaria/Desktop/philosophers/philo_bonus/philo_bonus)
==8459==    by 0x10985B: ft_start (in /home/zakaria/Desktop/philosophers/philo_bonus/philo_bonus)
==8459==    by 0x108DE1: main (in /home/zakaria/Desktop/philosophers/philo_bonus/philo_bonus)
==8459== 
==8460== Conditional jump or move depends on uninitialised value(s)
==8460==    at 0x10994E: ft_eat (in /home/zakaria/Desktop/philosophers/philo_bonus/philo_bonus)
==8460==    by 0x1099C6: ft_routine (in /home/zakaria/Desktop/philosophers/philo_bonus/philo_bonus)
==8460==    by 0x10985B: ft_start (in /home/zakaria/Desktop/philosophers/philo_bonus/philo_bonus)
==8460==    by 0x108DE1: main (in /home/zakaria/Desktop/philosophers/philo_bonus/philo_bonus)
==8460== 
==8457== Use of uninitialised value of size 8
==8457==    at 0x4E4E909: __new_sem_wait_fast (sem_waitcommon.c:135)
==8457==    by 0x4E4E909: sem_wait@@GLIBC_2.2.5 (sem_wait.c:39)
==8457==    by 0x109303: ft_dead (in /home/zakaria/Desktop/philosophers/philo_bonus/philo_bonus)
==8457==    by 0x109A30: ft_routine (in /home/zakaria/Desktop/philosophers/philo_bonus/philo_bonus)
==8457==    by 0x10985B: ft_start (in /home/zakaria/Desktop/philosophers/philo_bonus/philo_bonus)
==8457==    by 0x108DE1: main (in /home/zakaria/Desktop/philosophers/philo_bonus/philo_bonus)
==8457== 
==8457== Invalid read of size 8
==8457==    at 0x4E4E909: __new_sem_wait_fast (sem_waitcommon.c:135)
==8457==    by 0x4E4E909: sem_wait@@GLIBC_2.2.5 (sem_wait.c:39)
==8457==    by 0x109303: ft_dead (in /home/zakaria/Desktop/philosophers/philo_bonus/philo_bonus)
==8457==    by 0x109A30: ft_routine (in /home/zakaria/Desktop/philosophers/philo_bonus/philo_bonus)
==8457==    by 0x10985B: ft_start (in /home/zakaria/Desktop/philosophers/philo_bonus/philo_bonus)
==8457==    by 0x108DE1: main (in /home/zakaria/Desktop/philosophers/philo_bonus/philo_bonus)
==8457==  Address 0x0 is not stack'd, malloc'd or (recently) free'd
==8457== 
==8457== 
==8457== Process terminating with default action of signal 11 (SIGSEGV)
==8457==  Access not within mapped region at address 0x0
==8457==    at 0x4E4E909: __new_sem_wait_fast (sem_waitcommon.c:135)
==8457==    by 0x4E4E909: sem_wait@@GLIBC_2.2.5 (sem_wait.c:39)
==8457==    by 0x109303: ft_dead (in /home/zakaria/Desktop/philosophers/philo_bonus/philo_bonus)
==8457==    by 0x109A30: ft_routine (in /home/zakaria/Desktop/philosophers/philo_bonus/philo_bonus)
==8457==    by 0x10985B: ft_start (in /home/zakaria/Desktop/philosophers/philo_bonus/philo_bonus)
==8457==    by 0x108DE1: main (in /home/zakaria/Desktop/philosophers/philo_bonus/philo_bonus)
==8457==  If you believe this happened as a result of a stack
==8457==  overflow in your program's main thread (unlikely but
==8457==  possible), you can try to increase the size of the
==8457==  main thread stack using the --main-stacksize= flag.
==8457==  The main thread stack size used in this run was 8388608.
==8457== 
==8457== HEAP SUMMARY:
==8457==     in use at exit: 460 bytes in 10 blocks
==8457==   total heap usage: 10 allocs, 0 frees, 460 bytes allocated
==8457== 
==8457== 16 bytes in 1 blocks are still reachable in loss record 1 of 7
==8457==    at 0x4C31B0F: malloc (in /usr/lib/valgrind/vgpreload_memcheck-amd64-linux.so)
==8457==    by 0x109753: ft_main_parsing (in /home/zakaria/Desktop/philosophers/philo_bonus/philo_bonus)
==8457==    by 0x108D3E: main (in /home/zakaria/Desktop/philosophers/philo_bonus/philo_bonus)
==8457== 
==8457== 24 bytes in 1 blocks are still reachable in loss record 2 of 7
==8457==    at 0x4C31B0F: malloc (in /usr/lib/valgrind/vgpreload_memcheck-amd64-linux.so)
==8457==    by 0x517A183: tsearch (tsearch.c:338)
==8457==    by 0x4E4DF6D: check_add_mapping (sem_open.c:113)
==8457==    by 0x4E4E4D2: sem_open (sem_open.c:302)
==8457==    by 0x1094E1: ft_initsem (in /home/zakaria/Desktop/philosophers/philo_bonus/philo_bonus)
==8457==    by 0x109707: ft_main_parsing (in /home/zakaria/Desktop/philosophers/philo_bonus/philo_bonus)
==8457==    by 0x108D3E: main (in /home/zakaria/Desktop/philosophers/philo_bonus/philo_bonus)
==8457== 
==8457== 24 bytes in 1 blocks are still reachable in loss record 3 of 7
==8457==    at 0x4C31B0F: malloc (in /usr/lib/valgrind/vgpreload_memcheck-amd64-linux.so)
==8457==    by 0x517A183: tsearch (tsearch.c:338)
==8457==    by 0x4E4DF6D: check_add_mapping (sem_open.c:113)
==8457==    by 0x4E4E4D2: sem_open (sem_open.c:302)
==8457==    by 0x10957C: ft_initsem (in /home/zakaria/Desktop/philosophers/philo_bonus/philo_bonus)
==8457==    by 0x109707: ft_main_parsing (in /home/zakaria/Desktop/philosophers/philo_bonus/philo_bonus)
==8457==    by 0x108D3E: main (in /home/zakaria/Desktop/philosophers/philo_bonus/philo_bonus)
==8457== 
==8457== 38 bytes in 1 blocks are still reachable in loss record 4 of 7
==8457==    at 0x4C31B0F: malloc (in /usr/lib/valgrind/vgpreload_memcheck-amd64-linux.so)
==8457==    by 0x4E4DF09: check_add_mapping (sem_open.c:96)
==8457==    by 0x4E4E4D2: sem_open (sem_open.c:302)
==8457==    by 0x1094E1: ft_initsem (in /home/zakaria/Desktop/philosophers/philo_bonus/philo_bonus)
==8457==    by 0x109707: ft_main_parsing (in /home/zakaria/Desktop/philosophers/philo_bonus/philo_bonus)
==8457==    by 0x108D3E: main (in /home/zakaria/Desktop/philosophers/philo_bonus/philo_bonus)
==8457== 
==8457== 38 bytes in 1 blocks are still reachable in loss record 5 of 7
==8457==    at 0x4C31B0F: malloc (in /usr/lib/valgrind/vgpreload_memcheck-amd64-linux.so)
==8457==    by 0x4E4DF09: check_add_mapping (sem_open.c:96)
==8457==    by 0x4E4E4D2: sem_open (sem_open.c:302)
==8457==    by 0x10957C: ft_initsem (in /home/zakaria/Desktop/philosophers/philo_bonus/philo_bonus)
==8457==    by 0x109707: ft_main_parsing (in /home/zakaria/Desktop/philosophers/philo_bonus/philo_bonus)
==8457==    by 0x108D3E: main (in /home/zakaria/Desktop/philosophers/philo_bonus/philo_bonus)
==8457== 
==8457== 96 bytes in 1 blocks are still reachable in loss record 6 of 7
==8457==    at 0x4C31B0F: malloc (in /usr/lib/valgrind/vgpreload_memcheck-amd64-linux.so)
==8457==    by 0x10961B: ft_main_parsing (in /home/zakaria/Desktop/philosophers/philo_bonus/philo_bonus)
==8457==    by 0x108D3E: main (in /home/zakaria/Desktop/philosophers/philo_bonus/philo_bonus)
==8457== 
==8457== 224 bytes in 4 blocks are still reachable in loss record 7 of 7
==8457==    at 0x4C31B0F: malloc (in /usr/lib/valgrind/vgpreload_memcheck-amd64-linux.so)
==8457==    by 0x108FB7: ft_lstnew (in /home/zakaria/Desktop/philosophers/philo_bonus/philo_bonus)
==8457==    by 0x1097CC: ft_init_philo (in /home/zakaria/Desktop/philosophers/philo_bonus/philo_bonus)
==8457==    by 0x108D55: main (in /home/zakaria/Desktop/philosophers/philo_bonus/philo_bonus)
==8457== 
==8457== LEAK SUMMARY:
==8457==    definitely lost: 0 bytes in 0 blocks
==8457==    indirectly lost: 0 bytes in 0 blocks
==8457==      possibly lost: 0 bytes in 0 blocks
==8457==    still reachable: 460 bytes in 10 blocks
==8457==         suppressed: 0 bytes in 0 blocks
==8457== 
==8457== For counts of detected and suppressed errors, rerun with: -v
==8457== Use --track-origins=yes to see where uninitialised values come from
==8457== ERROR SUMMARY: 6 errors from 6 contexts (suppressed: 0 from 0)
==8444== 
==8444== Process terminating with default action of signal 2 (SIGINT)
==8444==    at 0x4E502F4: waitpid (waitpid.c:30)
==8444==    by 0x108BD3: ft_wait (in /home/zakaria/Desktop/philosophers/philo_bonus/philo_bonus)
==8444==    by 0x108E38: main (in /home/zakaria/Desktop/philosophers/philo_bonus/philo_bonus)
==8458== 
==8458== Process terminating with default action of signal 2 (SIGINT)
==8458==    at 0x4E4E7C6: futex_abstimed_wait_cancelable (futex-internal.h:205)
==8458==    by 0x4E4E7C6: do_futex_wait.constprop.1 (sem_waitcommon.c:111)
==8458==    by 0x4E4E8B7: __new_sem_wait_slow.constprop.0 (sem_waitcommon.c:181)
==8458==    by 0x1092B3: ft_dead (in /home/zakaria/Desktop/philosophers/philo_bonus/philo_bonus)
==8458==    by 0x109A30: ft_routine (in /home/zakaria/Desktop/philosophers/philo_bonus/philo_bonus)
==8458==    by 0x10985B: ft_start (in /home/zakaria/Desktop/philosophers/philo_bonus/philo_bonus)
==8458==    by 0x108DE1: main (in /home/zakaria/Desktop/philosophers/philo_bonus/philo_bonus)
==8459== 
==8459== Process terminating with default action of signal 2 (SIGINT)
==8459==    at 0x4E4E7C6: futex_abstimed_wait_cancelable (futex-internal.h:205)
==8459==    by 0x4E4E7C6: do_futex_wait.constprop.1 (sem_waitcommon.c:111)
==8459==    by 0x4E4E8B7: __new_sem_wait_slow.constprop.0 (sem_waitcommon.c:181)
==8459==    by 0x1092B3: ft_dead (in /home/zakaria/Desktop/philosophers/philo_bonus/philo_bonus)
==8459==    by 0x109A30: ft_routine (in /home/zakaria/Desktop/philosophers/philo_bonus/philo_bonus)
==8459==    by 0x10985B: ft_start (in /home/zakaria/Desktop/philosophers/philo_bonus/philo_bonus)
==8460== 
==8460== Process terminating with default action of signal 2 (SIGINT)
==8459==    by 0x108DE1: main (in /home/zakaria/Desktop/philosophers/philo_bonus/philo_bonus)
==8460==    at 0x4E4E7C6: futex_abstimed_wait_cancelable (futex-internal.h:205)
==8460==    by 0x4E4E7C6: do_futex_wait.constprop.1 (sem_waitcommon.c:111)
==8460==    by 0x4E4E8B7: __new_sem_wait_slow.constprop.0 (sem_waitcommon.c:181)
==8460==    by 0x10923C: ft_thinking (in /home/zakaria/Desktop/philosophers/philo_bonus/philo_bonus)
==8460==    by 0x109A02: ft_routine (in /home/zakaria/Desktop/philosophers/philo_bonus/philo_bonus)
==8460==    by 0x10985B: ft_start (in /home/zakaria/Desktop/philosophers/philo_bonus/philo_bonus)
==8460==    by 0x108DE1: main (in /home/zakaria/Desktop/philosophers/philo_bonus/philo_bonus)
==8458== 
==8458== HEAP SUMMARY:
==8458==     in use at exit: 460 bytes in 10 blocks
==8458==   total heap usage: 10 allocs, 0 frees, 460 bytes allocated
==8458== 
==8458== 16 bytes in 1 blocks are still reachable in loss record 1 of 7
==8458==    at 0x4C31B0F: malloc (in /usr/lib/valgrind/vgpreload_memcheck-amd64-linux.so)
==8458==    by 0x109753: ft_main_parsing (in /home/zakaria/Desktop/philosophers/philo_bonus/philo_bonus)
==8458==    by 0x108D3E: main (in /home/zakaria/Desktop/philosophers/philo_bonus/philo_bonus)
==8458== 
==8458== 24 bytes in 1 blocks are still reachable in loss record 2 of 7
==8458==    at 0x4C31B0F: malloc (in /usr/lib/valgrind/vgpreload_memcheck-amd64-linux.so)
==8458==    by 0x517A183: tsearch (tsearch.c:338)
==8458==    by 0x4E4DF6D: check_add_mapping (sem_open.c:113)
==8458==    by 0x4E4E4D2: sem_open (sem_open.c:302)
==8458==    by 0x1094E1: ft_initsem (in /home/zakaria/Desktop/philosophers/philo_bonus/philo_bonus)
==8458==    by 0x109707: ft_main_parsing (in /home/zakaria/Desktop/philosophers/philo_bonus/philo_bonus)
==8458==    by 0x108D3E: main (in /home/zakaria/Desktop/philosophers/philo_bonus/philo_bonus)
==8458== 
==8458== 24 bytes in 1 blocks are still reachable in loss record 3 of 7
==8458==    at 0x4C31B0F: malloc (in /usr/lib/valgrind/vgpreload_memcheck-amd64-linux.so)
==8458==    by 0x517A183: tsearch (tsearch.c:338)
==8458==    by 0x4E4DF6D: check_add_mapping (sem_open.c:113)
==8458==    by 0x4E4E4D2: sem_open (sem_open.c:302)
==8458==    by 0x10957C: ft_initsem (in /home/zakaria/Desktop/philosophers/philo_bonus/philo_bonus)
==8458==    by 0x109707: ft_main_parsing (in /home/zakaria/Desktop/philosophers/philo_bonus/philo_bonus)
==8458==    by 0x108D3E: main (in /home/zakaria/Desktop/philosophers/philo_bonus/philo_bonus)
==8458== 
==8458== 38 bytes in 1 blocks are still reachable in loss record 4 of 7
==8458==    at 0x4C31B0F: malloc (in /usr/lib/valgrind/vgpreload_memcheck-amd64-linux.so)
==8458==    by 0x4E4DF09: check_add_mapping (sem_open.c:96)
==8458==    by 0x4E4E4D2: sem_open (sem_open.c:302)
==8458==    by 0x1094E1: ft_initsem (in /home/zakaria/Desktop/philosophers/philo_bonus/philo_bonus)
==8458==    by 0x109707: ft_main_parsing (in /home/zakaria/Desktop/philosophers/philo_bonus/philo_bonus)
==8458==    by 0x108D3E: main (in /home/zakaria/Desktop/philosophers/philo_bonus/philo_bonus)
==8458== 
==8458== 38 bytes in 1 blocks are still reachable in loss record 5 of 7
==8458==    at 0x4C31B0F: malloc (in /usr/lib/valgrind/vgpreload_memcheck-amd64-linux.so)
==8458==    by 0x4E4DF09: check_add_mapping (sem_open.c:96)
==8458==    by 0x4E4E4D2: sem_open (sem_open.c:302)
==8458==    by 0x10957C: ft_initsem (in /home/zakaria/Desktop/philosophers/philo_bonus/philo_bonus)
==8458==    by 0x109707: ft_main_parsing (in /home/zakaria/Desktop/philosophers/philo_bonus/philo_bonus)
==8458==    by 0x108D3E: main (in /home/zakaria/Desktop/philosophers/philo_bonus/philo_bonus)
==8458== 
==8458== 96 bytes in 1 blocks are still reachable in loss record 6 of 7
==8458==    at 0x4C31B0F: malloc (in /usr/lib/valgrind/vgpreload_memcheck-amd64-linux.so)
==8458==    by 0x10961B: ft_main_parsing (in /home/zakaria/Desktop/philosophers/philo_bonus/philo_bonus)
==8458==    by 0x108D3E: main (in /home/zakaria/Desktop/philosophers/philo_bonus/philo_bonus)
==8458== 
==8458== 224 bytes in 4 blocks are still reachable in loss record 7 of 7
==8458==    at 0x4C31B0F: malloc (in /usr/lib/valgrind/vgpreload_memcheck-amd64-linux.so)
==8458==    by 0x108FB7: ft_lstnew (in /home/zakaria/Desktop/philosophers/philo_bonus/philo_bonus)
==8458==    by 0x1097CC: ft_init_philo (in /home/zakaria/Desktop/philosophers/philo_bonus/philo_bonus)
==8458==    by 0x108D55: main (in /home/zakaria/Desktop/philosophers/philo_bonus/philo_bonus)
==8458== 
==8458== LEAK SUMMARY:
==8458==    definitely lost: 0 bytes in 0 blocks
==8458==    indirectly lost: 0 bytes in 0 blocks
==8458==      possibly lost: 0 bytes in 0 blocks
==8458==    still reachable: 460 bytes in 10 blocks
==8458==         suppressed: 0 bytes in 0 blocks
==8458== 
==8458== For counts of detected and suppressed errors, rerun with: -v
==8458== Use --track-origins=yes to see where uninitialised values come from
==8458== ERROR SUMMARY: 4 errors from 4 contexts (suppressed: 0 from 0)
==8460== 
==8444== 
==8444== HEAP SUMMARY:
==8444==     in use at exit: 336 bytes in 6 blocks
==8444==   total heap usage: 10 allocs, 4 frees, 460 bytes allocated
==8444== 
==8460== HEAP SUMMARY:
==8460==     in use at exit: 460 bytes in 10 blocks
==8460==   total heap usage: 10 allocs, 0 frees, 460 bytes allocated
==8460== 
==8459== 
==8459== HEAP SUMMARY:
==8459==     in use at exit: 460 bytes in 10 blocks
==8459==   total heap usage: 10 allocs, 0 frees, 460 bytes allocated
==8459== 
==8444== 16 bytes in 1 blocks are still reachable in loss record 1 of 3
==8444==    at 0x4C31B0F: malloc (in /usr/lib/valgrind/vgpreload_memcheck-amd64-linux.so)
==8444==    by 0x109753: ft_main_parsing (in /home/zakaria/Desktop/philosophers/philo_bonus/philo_bonus)
==8444==    by 0x108D3E: main (in /home/zakaria/Desktop/philosophers/philo_bonus/philo_bonus)
==8444== 
==8444== 96 bytes in 1 blocks are still reachable in loss record 2 of 3
==8444==    at 0x4C31B0F: malloc (in /usr/lib/valgrind/vgpreload_memcheck-amd64-linux.so)
==8444==    by 0x10961B: ft_main_parsing (in /home/zakaria/Desktop/philosophers/philo_bonus/philo_bonus)
==8444==    by 0x108D3E: main (in /home/zakaria/Desktop/philosophers/philo_bonus/philo_bonus)
==8444== 
==8444== 224 bytes in 4 blocks are still reachable in loss record 3 of 3
==8444==    at 0x4C31B0F: malloc (in /usr/lib/valgrind/vgpreload_memcheck-amd64-linux.so)
==8444==    by 0x108FB7: ft_lstnew (in /home/zakaria/Desktop/philosophers/philo_bonus/philo_bonus)
==8444==    by 0x1097CC: ft_init_philo (in /home/zakaria/Desktop/philosophers/philo_bonus/philo_bonus)
==8444==    by 0x108D55: main (in /home/zakaria/Desktop/philosophers/philo_bonus/philo_bonus)
==8444== 
==8444== LEAK SUMMARY:
==8444==    definitely lost: 0 bytes in 0 blocks
==8444==    indirectly lost: 0 bytes in 0 blocks
==8444==      possibly lost: 0 bytes in 0 blocks
==8444==    still reachable: 336 bytes in 6 blocks
==8444==         suppressed: 0 bytes in 0 blocks
==8444== 
==8460== 16 bytes in 1 blocks are still reachable in loss record 1 of 7
==8444== For counts of detected and suppressed errors, rerun with: -v
==8444== Use --track-origins=yes to see where uninitialised values come from
==8460==    at 0x4C31B0F: malloc (in /usr/lib/valgrind/vgpreload_memcheck-amd64-linux.so)
==8444== ERROR SUMMARY: 3 errors from 3 contexts (suppressed: 0 from 0)
==8460==    by 0x109753: ft_main_parsing (in /home/zakaria/Desktop/philosophers/philo_bonus/philo_bonus)
==8460==    by 0x108D3E: main (in /home/zakaria/Desktop/philosophers/philo_bonus/philo_bonus)
==8460== 
==8460== 24 bytes in 1 blocks are still reachable in loss record 2 of 7
==8460==    at 0x4C31B0F: malloc (in /usr/lib/valgrind/vgpreload_memcheck-amd64-linux.so)
==8459== 16 bytes in 1 blocks are still reachable in loss record 1 of 7
==8459==    at 0x4C31B0F: malloc (in /usr/lib/valgrind/vgpreload_memcheck-amd64-linux.so)
==8459==    by 0x109753: ft_main_parsing (in /home/zakaria/Desktop/philosophers/philo_bonus/philo_bonus)
==8459==    by 0x108D3E: main (in /home/zakaria/Desktop/philosophers/philo_bonus/philo_bonus)
==8459== 
==8459== 24 bytes in 1 blocks are still reachable in loss record 2 of 7
==8459==    at 0x4C31B0F: malloc (in /usr/lib/valgrind/vgpreload_memcheck-amd64-linux.so)
==8459==    by 0x517A183: tsearch (tsearch.c:338)
==8459==    by 0x4E4DF6D: check_add_mapping (sem_open.c:113)
==8459==    by 0x4E4E4D2: sem_open (sem_open.c:302)
==8459==    by 0x1094E1: ft_initsem (in /home/zakaria/Desktop/philosophers/philo_bonus/philo_bonus)
==8459==    by 0x109707: ft_main_parsing (in /home/zakaria/Desktop/philosophers/philo_bonus/philo_bonus)
==8460==    by 0x517A183: tsearch (tsearch.c:338)
==8459==    by 0x108D3E: main (in /home/zakaria/Desktop/philosophers/philo_bonus/philo_bonus)
==8459== 
==8460==    by 0x4E4DF6D: check_add_mapping (sem_open.c:113)
==8459== 24 bytes in 1 blocks are still reachable in loss record 3 of 7
==8460==    by 0x4E4E4D2: sem_open (sem_open.c:302)
==8459==    at 0x4C31B0F: malloc (in /usr/lib/valgrind/vgpreload_memcheck-amd64-linux.so)
==8460==    by 0x1094E1: ft_initsem (in /home/zakaria/Desktop/philosophers/philo_bonus/philo_bonus)
==8459==    by 0x517A183: tsearch (tsearch.c:338)
==8460==    by 0x109707: ft_main_parsing (in /home/zakaria/Desktop/philosophers/philo_bonus/philo_bonus)
==8459==    by 0x4E4DF6D: check_add_mapping (sem_open.c:113)
==8460==    by 0x108D3E: main (in /home/zakaria/Desktop/philosophers/philo_bonus/philo_bonus)
==8459==    by 0x4E4E4D2: sem_open (sem_open.c:302)
==8460== 
==8459==    by 0x10957C: ft_initsem (in /home/zakaria/Desktop/philosophers/philo_bonus/philo_bonus)
==8459==    by 0x109707: ft_main_parsing (in /home/zakaria/Desktop/philosophers/philo_bonus/philo_bonus)
==8460== 24 bytes in 1 blocks are still reachable in loss record 3 of 7
==8459==    by 0x108D3E: main (in /home/zakaria/Desktop/philosophers/philo_bonus/philo_bonus)
==8459== 
==8460==    at 0x4C31B0F: malloc (in /usr/lib/valgrind/vgpreload_memcheck-amd64-linux.so)
==8459== 38 bytes in 1 blocks are still reachable in loss record 4 of 7
==8459==    at 0x4C31B0F: malloc (in /usr/lib/valgrind/vgpreload_memcheck-amd64-linux.so)
==8460==    by 0x517A183: tsearch (tsearch.c:338)
==8459==    by 0x4E4DF09: check_add_mapping (sem_open.c:96)
==8459==    by 0x4E4E4D2: sem_open (sem_open.c:302)
==8460==    by 0x4E4DF6D: check_add_mapping (sem_open.c:113)
==8459==    by 0x1094E1: ft_initsem (in /home/zakaria/Desktop/philosophers/philo_bonus/philo_bonus)
==8459==    by 0x109707: ft_main_parsing (in /home/zakaria/Desktop/philosophers/philo_bonus/philo_bonus)
==8460==    by 0x4E4E4D2: sem_open (sem_open.c:302)
==8459==    by 0x108D3E: main (in /home/zakaria/Desktop/philosophers/philo_bonus/philo_bonus)
==8459== 
==8460==    by 0x10957C: ft_initsem (in /home/zakaria/Desktop/philosophers/philo_bonus/philo_bonus)
==8459== 38 bytes in 1 blocks are still reachable in loss record 5 of 7
==8459==    at 0x4C31B0F: malloc (in /usr/lib/valgrind/vgpreload_memcheck-amd64-linux.so)
==8460==    by 0x109707: ft_main_parsing (in /home/zakaria/Desktop/philosophers/philo_bonus/philo_bonus)
==8459==    by 0x4E4DF09: check_add_mapping (sem_open.c:96)
==8459==    by 0x4E4E4D2: sem_open (sem_open.c:302)
==8460==    by 0x108D3E: main (in /home/zakaria/Desktop/philosophers/philo_bonus/philo_bonus)
==8459==    by 0x10957C: ft_initsem (in /home/zakaria/Desktop/philosophers/philo_bonus/philo_bonus)
==8460== 
==8459==    by 0x109707: ft_main_parsing (in /home/zakaria/Desktop/philosophers/philo_bonus/philo_bonus)
==8459==    by 0x108D3E: main (in /home/zakaria/Desktop/philosophers/philo_bonus/philo_bonus)
==8459== 
==8460== 38 bytes in 1 blocks are still reachable in loss record 4 of 7
==8459== 96 bytes in 1 blocks are still reachable in loss record 6 of 7
==8459==    at 0x4C31B0F: malloc (in /usr/lib/valgrind/vgpreload_memcheck-amd64-linux.so)
==8460==    at 0x4C31B0F: malloc (in /usr/lib/valgrind/vgpreload_memcheck-amd64-linux.so)
==8459==    by 0x10961B: ft_main_parsing (in /home/zakaria/Desktop/philosophers/philo_bonus/philo_bonus)
==8459==    by 0x108D3E: main (in /home/zakaria/Desktop/philosophers/philo_bonus/philo_bonus)
==8460==    by 0x4E4DF09: check_add_mapping (sem_open.c:96)
==8459== 
==8460==    by 0x4E4E4D2: sem_open (sem_open.c:302)
==8459== 224 bytes in 4 blocks are still reachable in loss record 7 of 7
==8460==    by 0x1094E1: ft_initsem (in /home/zakaria/Desktop/philosophers/philo_bonus/philo_bonus)
==8459==    at 0x4C31B0F: malloc (in /usr/lib/valgrind/vgpreload_memcheck-amd64-linux.so)
==8460==    by 0x109707: ft_main_parsing (in /home/zakaria/Desktop/philosophers/philo_bonus/philo_bonus)
==8459==    by 0x108FB7: ft_lstnew (in /home/zakaria/Desktop/philosophers/philo_bonus/philo_bonus)
==8460==    by 0x108D3E: main (in /home/zakaria/Desktop/philosophers/philo_bonus/philo_bonus)
==8459==    by 0x1097CC: ft_init_philo (in /home/zakaria/Desktop/philosophers/philo_bonus/philo_bonus)
==8460== 
==8459==    by 0x108D55: main (in /home/zakaria/Desktop/philosophers/philo_bonus/philo_bonus)
==8459== 
==8460== 38 bytes in 1 blocks are still reachable in loss record 5 of 7
==8459== LEAK SUMMARY:
==8459==    definitely lost: 0 bytes in 0 blocks
==8460==    at 0x4C31B0F: malloc (in /usr/lib/valgrind/vgpreload_memcheck-amd64-linux.so)
==8459==    indirectly lost: 0 bytes in 0 blocks
==8459==      possibly lost: 0 bytes in 0 blocks
==8460==    by 0x4E4DF09: check_add_mapping (sem_open.c:96)
==8459==    still reachable: 460 bytes in 10 blocks
==8460==    by 0x4E4E4D2: sem_open (sem_open.c:302)
==8459==         suppressed: 0 bytes in 0 blocks
==8460==    by 0x10957C: ft_initsem (in /home/zakaria/Desktop/philosophers/philo_bonus/philo_bonus)
==8459== 
==8460==    by 0x109707: ft_main_parsing (in /home/zakaria/Desktop/philosophers/philo_bonus/philo_bonus)
==8459== For counts of detected and suppressed errors, rerun with: -v
==8460==    by 0x108D3E: main (in /home/zakaria/Desktop/philosophers/philo_bonus/philo_bonus)
==8459== Use --track-origins=yes to see where uninitialised values come from
==8460== 
==8459== ERROR SUMMARY: 4 errors from 4 contexts (suppressed: 0 from 0)
==8460== 96 bytes in 1 blocks are still reachable in loss record 6 of 7
==8460==    at 0x4C31B0F: malloc (in /usr/lib/valgrind/vgpreload_memcheck-amd64-linux.so)
==8460==    by 0x10961B: ft_main_parsing (in /home/zakaria/Desktop/philosophers/philo_bonus/philo_bonus)
==8460==    by 0x108D3E: main (in /home/zakaria/Desktop/philosophers/philo_bonus/philo_bonus)
==8460== 
==8460== 224 bytes in 4 blocks are still reachable in loss record 7 of 7
==8460==    at 0x4C31B0F: malloc (in /usr/lib/valgrind/vgpreload_memcheck-amd64-linux.so)
==8460==    by 0x108FB7: ft_lstnew (in /home/zakaria/Desktop/philosophers/philo_bonus/philo_bonus)
==8460==    by 0x1097CC: ft_init_philo (in /home/zakaria/Desktop/philosophers/philo_bonus/philo_bonus)
==8460==    by 0x108D55: main (in /home/zakaria/Desktop/philosophers/philo_bonus/philo_bonus)
==8460== 
==8460== LEAK SUMMARY:
==8460==    definitely lost: 0 bytes in 0 blocks
==8460==    indirectly lost: 0 bytes in 0 blocks
==8460==      possibly lost: 0 bytes in 0 blocks
==8460==    still reachable: 460 bytes in 10 blocks
==8460==         suppressed: 0 bytes in 0 blocks
==8460== 
==8460== For counts of detected and suppressed errors, rerun with: -v
==8460== Use --track-origins=yes to see where uninitialised values come from
==8460== ERROR SUMMARY: 4 errors from 4 contexts (suppressed: 0 from 0)
